<?xml version="1.0" encoding="UTF-8"?>
<!-- Generated by org.testng.reporters.JUnitXMLReporter -->
<testsuite ignored="1" hostname="DESKTOP-EQ55Q8H" failures="0" tests="15" name="Surefire test" time="1.485" errors="0" timestamp="2023-08-24T22:11:57 BRT">
  <testcase classname="PetsTest" name="getPetsByStatus" time="0.825"/>
  <testcase classname="PetsTest" name="getPetsByStatus" time="0.011"/>
  <testcase classname="PetsTest" name="getPetsByStatus" time="0.01"/>
  <testcase classname="StoreTest" name="deleteOrder" time="0.029"/>
  <testcase classname="StoreTest" name="deleteOrder" time="0.01"/>
  <testcase classname="StoreTest" name="deleteOrder" time="0.01"/>
  <testcase classname="StoreTest" name="deleteOrder" time="0.016"/>
  <testcase classname="StoreTest" name="deleteOrder" time="0.016"/>
  <testcase classname="StoreTest" name="getInventory" time="0.405"/>
  <testcase classname="StoreTest" name="getOrder" time="0.008"/>
  <testcase classname="StoreTest" name="getOrder" time="0.007"/>
  <testcase classname="StoreTest" name="postOrder" time="0.017"/>
  <testcase classname="UserTest" name="getUserLogin" time="0.01"/>
  <testcase classname="UserTest" name="getUserLogout" time="0.008"/>
  <testcase classname="UserTest" name="postUser" time="0.068"/>
  <testcase classname="PetsTest" name="postPet" time="0.0">
    <ignored/>
  </testcase> <!-- postPet -->
</testsuite> <!-- Surefire test -->
