<?xml version="1.0" encoding="UTF-8"?>
<testsuite xmlns:xsi="http://www.w3.org/2001/XMLSchema-instance" xsi:noNamespaceSchemaLocation="https://maven.apache.org/surefire/maven-surefire-plugin/xsd/surefire-test-report-3.0.xsd" version="3.0" name="TestSuite" time="1.767" tests="15" errors="0" skipped="0" failures="0">
  <properties>
[...]
</properties>
  <testcase name="getPetsByStatus[available](1)" classname="PetsTest" time="0.821">
    <system-err><![CDATA[SLF4J: Failed to load class "org.slf4j.impl.StaticLoggerBinder".
SLF4J: Defaulting to no-operation (NOP) logger implementation
SLF4J: See http://www.slf4j.org/codes.html#StaticLoggerBinder for further details.
]]></system-err>
  </testcase>
  <testcase name="getPetsByStatus[pending](2)" classname="PetsTest" time="0.01"/>
  <testcase name="getPetsByStatus[sold](3)" classname="PetsTest" time="0.009"/>
  <testcase name="deleteOrder[5, 200](1)" classname="StoreTest" time="0.03">
    <system-out><![CDATA[Request method:	DELETE
Request URI:	http://localhost:8080/api/v3/store/order/5
Proxy:			<none>
Request params:	<none>
Query params:	<none>
Form params:	<none>
Path params:	<none>
Headers:		Accept=*/*
Cookies:		<none>
Multiparts:		<none>
Body:			<none>
]]></system-out>
  </testcase>
  <testcase name="deleteOrder[-1, 200](2)" classname="StoreTest" time="0.011">
    <system-out><![CDATA[Request method:	DELETE
Request URI:	http://localhost:8080/api/v3/store/order/-1
Proxy:			<none>
Request params:	<none>
Query params:	<none>
Form params:	<none>
Path params:	<none>
Headers:		Accept=*/*
Cookies:		<none>
Multiparts:		<none>
Body:			<none>
]]></system-out>
  </testcase>
  <testcase name="deleteOrder[0, 200](3)" classname="StoreTest" time="0.01">
    <system-out><![CDATA[Request method:	DELETE
Request URI:	http://localhost:8080/api/v3/store/order/0
Proxy:			<none>
Request params:	<none>
Query params:	<none>
Form params:	<none>
Path params:	<none>
Headers:		Accept=*/*
Cookies:		<none>
Multiparts:		<none>
Body:			<none>
]]></system-out>
  </testcase>
  <testcase name="deleteOrder[-1521#$df5gj, 400](4)" classname="StoreTest" time="0.016">
    <system-out><![CDATA[Request method:	DELETE
Request URI:	http://localhost:8080/api/v3/store/order/-1521%23%24df5gj
Proxy:			<none>
Request params:	<none>
Query params:	<none>
Form params:	<none>
Path params:	<none>
Headers:		Accept=*/*
Cookies:		<none>
Multiparts:		<none>
Body:			<none>
]]></system-out>
  </testcase>
  <testcase name="deleteOrder[jyhgu, 400](5)" classname="StoreTest" time="0.015">
    <system-out><![CDATA[Request method:	DELETE
Request URI:	http://localhost:8080/api/v3/store/order/jyhgu
Proxy:			<none>
Request params:	<none>
Query params:	<none>
Form params:	<none>
Path params:	<none>
Headers:		Accept=*/*
Cookies:		<none>
Multiparts:		<none>
Body:			<none>
]]></system-out>
  </testcase>
  <testcase name="getInventory" classname="StoreTest" time="0.404"/>
  <testcase name="getOrder[5, 404](1)" classname="StoreTest" time="0.009"/>
  <testcase name="getOrder[10, 200](2)" classname="StoreTest" time="0.007"/>
  <testcase name="postOrder" classname="StoreTest" time="0.017"/>
  <testcase name="getUserLogin" classname="UserTest" time="0.01"/>
  <testcase name="getUserLogout" classname="UserTest" time="0.007"/>
  <testcase name="postUser[1, AugustoNasso, Augusto, Nasso, augustonasso@mail.com, admin1234, 115388975, 1](1)" classname="UserTest" time="0.069"/>
</testsuite>