<?xml version="1.0" encoding="UTF-8"?>
<testng-results ignored="1" total="16" passed="15" failed="0" skipped="0">
  <reporter-output>
  </reporter-output>
  <suite started-at="2023-08-24T22:11:56 BRT" name="Surefire suite" finished-at="2023-08-24T22:11:57 BRT" duration-ms="1485">
    <groups>
    </groups>
    <test started-at="2023-08-24T22:11:56 BRT" name="Surefire test" finished-at="2023-08-24T22:11:57 BRT" duration-ms="1485">
      <class name="UserTest">
        <test-method signature="getUserLogin()[pri:0, instance:UserTest@b62fe6d]" started-at="2023-08-24T22:11:57 BRT" name="getUserLogin" finished-at="2023-08-24T22:11:57 BRT" duration-ms="10" status="PASS">
          <reporter-output>
          </reporter-output>
        </test-method> <!-- getUserLogin -->
        <test-method signature="getUserLogout()[pri:0, instance:UserTest@b62fe6d]" started-at="2023-08-24T22:11:57 BRT" name="getUserLogout" finished-at="2023-08-24T22:11:57 BRT" duration-ms="8" status="PASS">
          <reporter-output>
          </reporter-output>
        </test-method> <!-- getUserLogout -->
        <test-method signature="postUser(int,java.lang.String,java.lang.String,java.lang.String,java.lang.String,java.lang.String,java.lang.String,int)[pri:0, instance:UserTest@b62fe6d]" started-at="2023-08-24T22:11:57 BRT" name="postUser" data-provider="postUser" finished-at="2023-08-24T22:11:57 BRT" duration-ms="68" status="PASS">
          <params>
            <param index="0">
              <value>
                <![CDATA[1]]>
              </value>
            </param>
            <param index="1">
              <value>
                <![CDATA[AugustoNasso]]>
              </value>
            </param>
            <param index="2">
              <value>
                <![CDATA[Augusto]]>
              </value>
            </param>
            <param index="3">
              <value>
                <![CDATA[Nasso]]>
              </value>
            </param>
            <param index="4">
              <value>
                <![CDATA[augustonasso@mail.com]]>
              </value>
            </param>
            <param index="5">
              <value>
                <![CDATA[admin1234]]>
              </value>
            </param>
            <param index="6">
              <value>
                <![CDATA[115388975]]>
              </value>
            </param>
            <param index="7">
              <value>
                <![CDATA[1]]>
              </value>
            </param>
          </params>
          <reporter-output>
          </reporter-output>
        </test-method> <!-- postUser -->
      </class> <!-- UserTest -->
      <class name="PetsTest">
        <test-method signature="getPetsByStatus(java.lang.String)[pri:0, instance:PetsTest@6295d394]" started-at="2023-08-24T22:11:56 BRT" name="getPetsByStatus" data-provider="getPetsByStatus" finished-at="2023-08-24T22:11:56 BRT" duration-ms="825" status="PASS">
          <params>
            <param index="0">
              <value>
                <![CDATA[available]]>
              </value>
            </param>
          </params>
          <reporter-output>
          </reporter-output>
        </test-method> <!-- getPetsByStatus -->
        <test-method signature="getPetsByStatus(java.lang.String)[pri:0, instance:PetsTest@6295d394]" started-at="2023-08-24T22:11:56 BRT" name="getPetsByStatus" data-provider="getPetsByStatus" finished-at="2023-08-24T22:11:56 BRT" duration-ms="11" status="PASS">
          <params>
            <param index="0">
              <value>
                <![CDATA[pending]]>
              </value>
            </param>
          </params>
          <reporter-output>
          </reporter-output>
        </test-method> <!-- getPetsByStatus -->
        <test-method signature="getPetsByStatus(java.lang.String)[pri:0, instance:PetsTest@6295d394]" started-at="2023-08-24T22:11:56 BRT" name="getPetsByStatus" data-provider="getPetsByStatus" finished-at="2023-08-24T22:11:57 BRT" duration-ms="10" status="PASS">
          <params>
            <param index="0">
              <value>
                <![CDATA[sold]]>
              </value>
            </param>
          </params>
          <reporter-output>
          </reporter-output>
        </test-method> <!-- getPetsByStatus -->
      </class> <!-- PetsTest -->
      <class name="StoreTest">
        <test-method signature="deleteOrder(java.lang.String,int)[pri:0, instance:StoreTest@3c153a1]" started-at="2023-08-24T22:11:57 BRT" name="deleteOrder" data-provider="deleteOrder" finished-at="2023-08-24T22:11:57 BRT" duration-ms="29" status="PASS">
          <params>
            <param index="0">
              <value>
                <![CDATA[5]]>
              </value>
            </param>
            <param index="1">
              <value>
                <![CDATA[200]]>
              </value>
            </param>
          </params>
          <reporter-output>
          </reporter-output>
        </test-method> <!-- deleteOrder -->
        <test-method signature="deleteOrder(java.lang.String,int)[pri:0, instance:StoreTest@3c153a1]" started-at="2023-08-24T22:11:57 BRT" name="deleteOrder" data-provider="deleteOrder" finished-at="2023-08-24T22:11:57 BRT" duration-ms="10" status="PASS">
          <params>
            <param index="0">
              <value>
                <![CDATA[-1]]>
              </value>
            </param>
            <param index="1">
              <value>
                <![CDATA[200]]>
              </value>
            </param>
          </params>
          <reporter-output>
          </reporter-output>
        </test-method> <!-- deleteOrder -->
        <test-method signature="deleteOrder(java.lang.String,int)[pri:0, instance:StoreTest@3c153a1]" started-at="2023-08-24T22:11:57 BRT" name="deleteOrder" data-provider="deleteOrder" finished-at="2023-08-24T22:11:57 BRT" duration-ms="10" status="PASS">
          <params>
            <param index="0">
              <value>
                <![CDATA[0]]>
              </value>
            </param>
            <param index="1">
              <value>
                <![CDATA[200]]>
              </value>
            </param>
          </params>
          <reporter-output>
          </reporter-output>
        </test-method> <!-- deleteOrder -->
        <test-method signature="deleteOrder(java.lang.String,int)[pri:0, instance:StoreTest@3c153a1]" started-at="2023-08-24T22:11:57 BRT" name="deleteOrder" data-provider="deleteOrder" finished-at="2023-08-24T22:11:57 BRT" duration-ms="16" status="PASS">
          <params>
            <param index="0">
              <value>
                <![CDATA[-1521#$df5gj]]>
              </value>
            </param>
            <param index="1">
              <value>
                <![CDATA[400]]>
              </value>
            </param>
          </params>
          <reporter-output>
          </reporter-output>
        </test-method> <!-- deleteOrder -->
        <test-method signature="deleteOrder(java.lang.String,int)[pri:0, instance:StoreTest@3c153a1]" started-at="2023-08-24T22:11:57 BRT" name="deleteOrder" data-provider="deleteOrder" finished-at="2023-08-24T22:11:57 BRT" duration-ms="16" status="PASS">
          <params>
            <param index="0">
              <value>
                <![CDATA[jyhgu]]>
              </value>
            </param>
            <param index="1">
              <value>
                <![CDATA[400]]>
              </value>
            </param>
          </params>
          <reporter-output>
          </reporter-output>
        </test-method> <!-- deleteOrder -->
        <test-method signature="getInventory()[pri:0, instance:StoreTest@3c153a1]" started-at="2023-08-24T22:11:57 BRT" name="getInventory" finished-at="2023-08-24T22:11:57 BRT" duration-ms="405" status="PASS">
          <reporter-output>
          </reporter-output>
        </test-method> <!-- getInventory -->
        <test-method signature="getOrder(java.lang.String,int)[pri:0, instance:StoreTest@3c153a1]" started-at="2023-08-24T22:11:57 BRT" name="getOrder" data-provider="getOrder" finished-at="2023-08-24T22:11:57 BRT" duration-ms="8" status="PASS">
          <params>
            <param index="0">
              <value>
                <![CDATA[5]]>
              </value>
            </param>
            <param index="1">
              <value>
                <![CDATA[404]]>
              </value>
            </param>
          </params>
          <reporter-output>
          </reporter-output>
        </test-method> <!-- getOrder -->
        <test-method signature="getOrder(java.lang.String,int)[pri:0, instance:StoreTest@3c153a1]" started-at="2023-08-24T22:11:57 BRT" name="getOrder" data-provider="getOrder" finished-at="2023-08-24T22:11:57 BRT" duration-ms="7" status="PASS">
          <params>
            <param index="0">
              <value>
                <![CDATA[10]]>
              </value>
            </param>
            <param index="1">
              <value>
                <![CDATA[200]]>
              </value>
            </param>
          </params>
          <reporter-output>
          </reporter-output>
        </test-method> <!-- getOrder -->
        <test-method signature="postOrder()[pri:0, instance:StoreTest@3c153a1]" started-at="2023-08-24T22:11:57 BRT" name="postOrder" finished-at="2023-08-24T22:11:57 BRT" duration-ms="17" status="PASS">
          <reporter-output>
          </reporter-output>
        </test-method> <!-- postOrder -->
      </class> <!-- StoreTest -->
    </test> <!-- Surefire test -->
  </suite> <!-- Surefire suite -->
</testng-results>
